# JRE version: OpenJDK Runtime Environment Temurin-11.0.16+8 (11.0.16+8) (build 11.0.16+8)
# Java VM: OpenJDK 64-Bit Server VM Temurin-11.0.16+8 (11.0.16+8, mixed mode, tiered, compressed oops, g1 gc, windows-amd64)
Heap:
 garbage-first heap   total 315392K, used 28967K [0x0000000701000000, 0x0000000800000000)
  region size 1024K, 13 young (13312K), 6 survivors (6144K)
 Metaspace       used 27041K, capacity 27378K, committed 27520K, reserved 1073152K
  class space    used 2984K, capacity 3096K, committed 3200K, reserved 1048576K
GC Heap History (12 events):
Event: 0.411 GC heap before
{Heap before GC invocations=0 (full 0):
 garbage-first heap   total 262144K, used 24576K [0x0000000701000000, 0x0000000800000000)
  region size 1024K, 24 young (24576K), 0 survivors (0K)
 Metaspace       used 9868K, capacity 9980K, committed 10240K, reserved 1058816K
  class space    used 896K, capacity 960K, committed 1024K, reserved 1048576K
}
Event: 0.414 GC heap after
{Heap after GC invocations=1 (full 0):
 garbage-first heap   total 262144K, used 7348K [0x0000000701000000, 0x0000000800000000)
  region size 1024K, 3 young (3072K), 3 survivors (3072K)
 Metaspace       used 9868K, capacity 9980K, committed 10240K, reserved 1058816K
  class space    used 896K, capacity 960K, committed 1024K, reserved 1048576K
}
Event: 0.660 GC heap before
{Heap before GC invocations=1 (full 0):
 garbage-first heap   total 262144K, used 39092K [0x0000000701000000, 0x0000000800000000)
  region size 1024K, 30 young (30720K), 3 survivors (3072K)
 Metaspace       used 13229K, capacity 13377K, committed 13440K, reserved 1060864K
  class space    used 1323K, capacity 1387K, committed 1408K, reserved 1048576K
}
Event: 0.664 GC heap after
{Heap after GC invocations=2 (full 0):
 garbage-first heap   total 262144K, used 15520K [0x0000000701000000, 0x0000000800000000)
  region size 1024K, 4 young (4096K), 4 survivors (4096K)
 Metaspace       used 13229K, capacity 13377K, committed 13440K, reserved 1060864K
  class space    used 1323K, capacity 1387K, committed 1408K, reserved 1048576K
}
Event: 1.016 GC heap before
{Heap before GC invocations=2 (full 0):
 garbage-first heap   total 262144K, used 53408K [0x0000000701000000, 0x0000000800000000)
  region size 1024K, 41 young (41984K), 4 survivors (4096K)
 Metaspace       used 18233K, capacity 18427K, committed 18560K, reserved 1064960K
  class space    used 2004K, capacity 2080K, committed 2176K, reserved 1048576K
}
Event: 1.020 GC heap after
{Heap after GC invocations=3 (full 0):
 garbage-first heap   total 262144K, used 20054K [0x0000000701000000, 0x0000000800000000)
  region size 1024K, 5 young (5120K), 5 survivors (5120K)
 Metaspace       used 18233K, capacity 18427K, committed 18560K, reserved 1064960K
  class space    used 2004K, capacity 2080K, committed 2176K, reserved 1048576K
}
Event: 1.212 GC heap before
{Heap before GC invocations=3 (full 0):
 garbage-first heap   total 262144K, used 31318K [0x0000000701000000, 0x0000000800000000)
  region size 1024K, 17 young (17408K), 5 survivors (5120K)
 Metaspace       used 20909K, capacity 21095K, committed 21248K, reserved 1069056K
  class space    used 2357K, capacity 2434K, committed 2560K, reserved 1048576K
}
Event: 1.217 GC heap after
{Heap after GC invocations=4 (full 0):
 garbage-first heap   total 262144K, used 21241K [0x0000000701000000, 0x0000000800000000)
  region size 1024K, 6 young (6144K), 6 survivors (6144K)
 Metaspace       used 20909K, capacity 21095K, committed 21248K, reserved 1069056K
  class space    used 2357K, capacity 2434K, committed 2560K, reserved 1048576K
}
Event: 2.061 GC heap before
{Heap before GC invocations=5 (full 0):
 garbage-first heap   total 262144K, used 87801K [0x0000000701000000, 0x0000000800000000)
  region size 1024K, 74 young (75776K), 6 survivors (6144K)
 Metaspace       used 25462K, capacity 25766K, committed 26112K, reserved 1073152K
  class space    used 2858K, capacity 2971K, committed 3072K, reserved 1048576K
}
Event: 2.069 GC heap after
{Heap after GC invocations=6 (full 0):
 garbage-first heap   total 315392K, used 22625K [0x0000000701000000, 0x0000000800000000)
  region size 1024K, 6 young (6144K), 6 survivors (6144K)
 Metaspace       used 25462K, capacity 25766K, committed 26112K, reserved 1073152K
  class space    used 2858K, capacity 2971K, committed 3072K, reserved 1048576K
}
Event: 2.958 GC heap before
{Heap before GC invocations=6 (full 0):
 garbage-first heap   total 315392K, used 191585K [0x0000000701000000, 0x0000000800000000)
  region size 1024K, 171 young (175104K), 6 survivors (6144K)
 Metaspace       used 26010K, capacity 26296K, committed 26624K, reserved 1073152K
  class space    used 2879K, capacity 2990K, committed 3072K, reserved 1048576K
}
Event: 2.962 GC heap after
{Heap after GC invocations=7 (full 0):
 garbage-first heap   total 315392K, used 22823K [0x0000000701000000, 0x0000000800000000)
  region size 1024K, 6 young (6144K), 6 survivors (6144K)
 Metaspace       used 26010K, capacity 26296K, committed 26624K, reserved 1073152K
  class space    used 2879K, capacity 2990K, committed 3072K, reserved 1048576K
}

